#
# A fatal error has been detected by the Java Runtime Environment:
#
#  EXCEPTION_ACCESS_VIOLATION (0xc0000005) at pc=0x000000006eae1d2f, pid=11064, tid=6880
#
# JRE version: Java(TM) SE Runtime Environment (7.0_67-b01) (build 1.7.0_67-b01)
# Java VM: Java HotSpot(TM) 64-Bit Server VM (24.65-b04 mixed mode windows-amd64 compressed oops)
# Problematic frame:
# V  [jvm.dll+0x451d2f]
#
# Failed to write core dump. Minidumps are not enabled by default on client versions of Windows
#
# If you would like to submit a bug report, please visit:
#   http://bugreport.sun.com/bugreport/crash.jsp
#

---------------  T H R E A D  ---------------

Current thread (0x000000000ee5b000):  JavaThread "C2 CompilerThread1" daemon [_thread_in_native, id=6880, stack(0x00000000112b0000,0x00000000113b0000)]

siginfo: ExceptionCode=0xc0000005, reading address 0x0000000000000008

Registers:
RAX=0x0000000000000000, RBX=0x00000000113abde0, RCX=0x00000000118134c0, RDX=0x0000000000000000
RSP=0x00000000113ab910, RBP=0x00000000113abac0, RSI=0x0000000010e91540, RDI=0x0000000000000000
R8 =0x00000000117c0cc0, R9 =0x0000000000001000, R10=0x00000000113abde0, R11=0x0000000000000000
R12=0x00000000117b96a0, R13=0x0000000010ead268, R14=0x00000000113ab9f8, R15=0x00000000113aba18
RIP=0x000000006eae1d2f, EFLAGS=0x0000000000010202

Top of Stack: (sp=0x00000000113ab910)
0x00000000113ab910:   00000000113abde0 00000000117b96a0
0x00000000113ab920:   0000000010b03a70 0000000000000000
0x00000000113ab930:   00000000117b96a0 0000000000000002
0x00000000113ab940:   0000000010cdc558 000000006eae3269
0x00000000113ab950:   00000000113abac0 00000000000000d9
0x00000000113ab960:   00000000113aba68 0000000000000002
0x00000000113ab970:   00000000113ac7a0 000000006eb2a540
0x00000000113ab980:   00000000117b0cd0 000000000ee509b0
0x00000000113ab990:   000000000ee09f70 00000000113abac0
0x00000000113ab9a0:   000000000ee509b0 0000000000000000
0x00000000113ab9b0:   00000000113abde0 000000006eae538f
0x00000000113ab9c0:   00000000113abde0 0000000000000001
0x00000000113ab9d0:   0000000000000002 00000000113aba68
0x00000000113ab9e0:   00000000117b0d20 00000000117b8cb8
0x00000000113ab9f0:   00000000000482c0 000000000ee509b0
0x00000000113aba00:   0000000000000100 00000000117fbcb0 

Instructions: (pc=0x000000006eae1d2f)
0x000000006eae1d0f:   48 3b f0 0f 84 87 01 00 00 44 8b 4b 28 0f 1f 40
0x000000006eae1d1f:   00 41 8b 53 28 4c 8b 83 e0 09 00 00 4d 8b 1c d0
0x000000006eae1d2f:   49 8b 43 08 48 39 38 75 2d 0f 1f 84 00 00 00 00
0x000000006eae1d3f:   00 41 8b 43 28 41 3b c1 73 0c 8b c8 48 8b 43 30 


Register to memory mapping:

RAX=0x0000000000000000 is an unknown value
RBX=0x00000000113abde0 is pointing into the stack for thread: 0x000000000ee5b000
RCX=0x00000000118134c0 is an unknown value
RDX=0x0000000000000000 is an unknown value
RSP=0x00000000113ab910 is pointing into the stack for thread: 0x000000000ee5b000
RBP=0x00000000113abac0 is pointing into the stack for thread: 0x000000000ee5b000
RSI=0x0000000010e91540 is an unknown value
RDI=0x0000000000000000 is an unknown value
R8 =0x00000000117c0cc0 is an unknown value
R9 =0x0000000000001000 is an unknown value
R10=0x00000000113abde0 is pointing into the stack for thread: 0x000000000ee5b000
R11=0x0000000000000000 is an unknown value
R12=0x00000000117b96a0 is an unknown value
R13=0x0000000010ead268 is an unknown value
R14=0x00000000113ab9f8 is pointing into the stack for thread: 0x000000000ee5b000
R15=0x00000000113aba18 is pointing into the stack for thread: 0x000000000ee5b000


Stack: [0x00000000112b0000,0x00000000113b0000],  sp=0x00000000113ab910,  free space=1006k
Native frames: (J=compiled Java code, j=interpreted, Vv=VM code, C=native code)
V  [jvm.dll+0x451d2f]


Current CompileTask:
C2:   6011  134             gnu.trove.map.custom_hash.TObjectIntCustomHashMap::rehash (134 bytes)


---------------  P R O C E S S  ---------------

Java Threads: ( => current thread )
  0x0000000011753800 JavaThread "Monitor Ctrl-Break" daemon [_thread_in_native, id=9948, stack(0x0000000011f40000,0x0000000012040000)]
  0x000000000ee5c800 JavaThread "Service Thread" daemon [_thread_blocked, id=8216, stack(0x00000000114d0000,0x00000000115d0000)]
=>0x000000000ee5b000 JavaThread "C2 CompilerThread1" daemon [_thread_in_native, id=6880, stack(0x00000000112b0000,0x00000000113b0000)]
  0x0000000010ab9000 JavaThread "C2 CompilerThread0" daemon [_thread_blocked, id=8372, stack(0x00000000110b0000,0x00000000111b0000)]
  0x0000000010ab8800 JavaThread "Attach Listener" daemon [_thread_blocked, id=10460, stack(0x00000000069f0000,0x0000000006af0000)]
  0x000000000ee06800 JavaThread "Signal Dispatcher" daemon [_thread_blocked, id=8676, stack(0x0000000010fa0000,0x00000000110a0000)]
  0x000000000ede6000 JavaThread "Finalizer" daemon [_thread_blocked, id=10488, stack(0x0000000010630000,0x0000000010730000)]
  0x000000000ede5000 JavaThread "Reference Handler" daemon [_thread_blocked, id=9576, stack(0x00000000109b0000,0x0000000010ab0000)]
  0x000000000248a000 JavaThread "main" [_thread_in_Java, id=11148, stack(0x0000000002790000,0x0000000002890000)]

Other Threads:
  0x000000000eddf800 VMThread [stack: 0x0000000010770000,0x0000000010870000] [id=9696]
  0x000000000ee5f800 WatcherThread [stack: 0x00000000115f0000,0x00000000116f0000] [id=10128]

VM state:not at safepoint (normal execution)

VM Mutex/Monitor currently owned by a thread: None

Heap
 PSYoungGen      total 268800K, used 150119K [0x00000007ac100000, 0x00000007bd200000, 0x0000000800000000)
  eden space 258048K, 58% used [0x00000007ac100000,0x00000007b5399e88,0x00000007bbd00000)
  from space 10752K, 0% used [0x00000007bc780000,0x00000007bc780000,0x00000007bd200000)
  to   space 10752K, 0% used [0x00000007bbd00000,0x00000007bbd00000,0x00000007bc780000)
 ParOldGen       total 283136K, used 105288K [0x0000000704400000, 0x0000000715880000, 0x00000007ac100000)
  object space 283136K, 37% used [0x0000000704400000,0x000000070aad20a0,0x0000000715880000)
 PSPermGen       total 21504K, used 4776K [0x00000006ff200000, 0x0000000700700000, 0x0000000704400000)
  object space 21504K, 22% used [0x00000006ff200000,0x00000006ff6aa340,0x0000000700700000)

Card table byte_map: [0x0000000005890000,0x00000000060a0000] byte_map_base: 0x0000000002097000

Polling page: 0x0000000000430000

Code Cache  [0x0000000002890000, 0x0000000002b00000, 0x0000000005890000)
 total_blobs=358 nmethods=134 adapters=177 free_code_cache=48467Kb largest_free_block=49602304

Compilation events (10 events):
Event: 3.383 Thread 0x000000000ee5b000 nmethod 130 0x0000000002934d50 code [0x0000000002934ea0, 0x00000000029352c8]
Event: 3.383 Thread 0x0000000010ab9000  131 %           java.util.Arrays::fill @ 10 (28 bytes)
Event: 3.392 Thread 0x0000000010ab9000 nmethod 131% 0x0000000002934550 code [0x00000000029346a0, 0x0000000002934c18]
Event: 3.398 Thread 0x000000000ee5b000  132             gnu.trove.map.custom_hash.TObjectIntCustomHashMap::readExternal (82 bytes)
Event: 3.411 Thread 0x0000000010ab9000  133   !         java.io.ObjectInputStream::readObject (124 bytes)
Event: 3.419 Thread 0x000000000ee5b000 nmethod 132 0x000000000293ea90 code [0x000000000293ecc0, 0x000000000293fb18]
Event: 3.425 Thread 0x0000000010ab9000 nmethod 133 0x0000000002940a90 code [0x0000000002940c60, 0x0000000002941720]
Event: 5.967 Thread 0x000000000ee5b000  134             gnu.trove.map.custom_hash.TObjectIntCustomHashMap::rehash (134 bytes)
Event: 5.979 Thread 0x0000000010ab9000  135             java.util.Arrays::fill (21 bytes)
Event: 5.982 Thread 0x0000000010ab9000 nmethod 135 0x0000000002935d90 code [0x0000000002935ec0, 0x0000000002935f58]

GC Heap History (10 events):
Event: 1.699 GC heap before
{Heap before GC invocations=1 (full 0):
 PSYoungGen      total 75264K, used 64512K [0x00000007ac100000, 0x00000007b1500000, 0x0000000800000000)
  eden space 64512K, 100% used [0x00000007ac100000,0x00000007b0000000,0x00000007b0000000)
  from space 10752K, 0% used [0x00000007b0a80000,0x00000007b0a80000,0x00000007b1500000)
  to   space 10752K, 0% used [0x00000007b0000000,0x00000007b0000000,0x00000007b0a80000)
 ParOldGen       total 171520K, used 0K [0x0000000704400000, 0x000000070eb80000, 0x00000007ac100000)
  object space 171520K, 0% used [0x0000000704400000,0x0000000704400000,0x000000070eb80000)
 PSPermGen       total 21504K, used 4729K [0x00000006ff200000, 0x0000000700700000, 0x0000000704400000)
  object space 21504K, 21% used [0x00000006ff200000,0x00000006ff69e5f0,0x0000000700700000)
Event: 1.761 GC heap after
Heap after GC invocations=1 (full 0):
 PSYoungGen      total 75264K, used 10727K [0x00000007ac100000, 0x00000007b5400000, 0x0000000800000000)
  eden space 64512K, 0% used [0x00000007ac100000,0x00000007ac100000,0x00000007b0000000)
  from space 10752K, 99% used [0x00000007b0000000,0x00000007b0a79e78,0x00000007b0a80000)
  to   space 10752K, 0% used [0x00000007b4980000,0x00000007b4980000,0x00000007b5400000)
 ParOldGen       total 171520K, used 19971K [0x0000000704400000, 0x000000070eb80000, 0x00000007ac100000)
  object space 171520K, 11% used [0x0000000704400000,0x0000000705780f18,0x000000070eb80000)
 PSPermGen       total 21504K, used 4729K [0x00000006ff200000, 0x0000000700700000, 0x0000000704400000)
  object space 21504K, 21% used [0x00000006ff200000,0x00000006ff69e5f0,0x0000000700700000)
}
Event: 2.135 GC heap before
{Heap before GC invocations=2 (full 0):
 PSYoungGen      total 75264K, used 75239K [0x00000007ac100000, 0x00000007b5400000, 0x0000000800000000)
  eden space 64512K, 100% used [0x00000007ac100000,0x00000007b0000000,0x00000007b0000000)
  from space 10752K, 99% used [0x00000007b0000000,0x00000007b0a79e78,0x00000007b0a80000)
  to   space 10752K, 0% used [0x00000007b4980000,0x00000007b4980000,0x00000007b5400000)
 ParOldGen       total 171520K, used 19971K [0x0000000704400000, 0x000000070eb80000, 0x00000007ac100000)
  object space 171520K, 11% used [0x0000000704400000,0x0000000705780f18,0x000000070eb80000)
 PSPermGen       total 21504K, used 4729K [0x00000006ff200000, 0x0000000700700000, 0x0000000704400000)
  object space 21504K, 21% used [0x00000006ff200000,0x00000006ff69e6c8,0x0000000700700000)
Event: 2.198 GC heap after
Heap after GC invocations=2 (full 0):
 PSYoungGen      total 139776K, used 10727K [0x00000007ac100000, 0x00000007b5400000, 0x0000000800000000)
  eden space 129024K, 0% used [0x00000007ac100000,0x00000007ac100000,0x00000007b3f00000)
  from space 10752K, 99% used [0x00000007b4980000,0x00000007b53f9e58,0x00000007b5400000)
  to   space 10752K, 0% used [0x00000007b3f00000,0x00000007b3f00000,0x00000007b4980000)
 ParOldGen       total 171520K, used 48675K [0x0000000704400000, 0x000000070eb80000, 0x00000007ac100000)
  object space 171520K, 28% used [0x0000000704400000,0x0000000707388f28,0x000000070eb80000)
 PSPermGen       total 21504K, used 4729K [0x00000006ff200000, 0x0000000700700000, 0x0000000704400000)
  object space 21504K, 21% used [0x00000006ff200000,0x00000006ff69e6c8,0x0000000700700000)
}
Event: 2.850 GC heap before
{Heap before GC invocations=3 (full 0):
 PSYoungGen      total 139776K, used 139751K [0x00000007ac100000, 0x00000007b5400000, 0x0000000800000000)
  eden space 129024K, 100% used [0x00000007ac100000,0x00000007b3f00000,0x00000007b3f00000)
  from space 10752K, 99% used [0x00000007b4980000,0x00000007b53f9e58,0x00000007b5400000)
  to   space 10752K, 0% used [0x00000007b3f00000,0x00000007b3f00000,0x00000007b4980000)
 ParOldGen       total 171520K, used 48675K [0x0000000704400000, 0x000000070eb80000, 0x00000007ac100000)
  object space 171520K, 28% used [0x0000000704400000,0x0000000707388f28,0x000000070eb80000)
 PSPermGen       total 21504K, used 4731K [0x00000006ff200000, 0x0000000700700000, 0x0000000704400000)
  object space 21504K, 22% used [0x00000006ff200000,0x00000006ff69edb0,0x0000000700700000)
Event: 2.940 GC heap after
Heap after GC invocations=3 (full 0):
 PSYoungGen      total 139776K, used 10727K [0x00000007ac100000, 0x00000007bd200000, 0x0000000800000000)
  eden space 129024K, 0% used [0x00000007ac100000,0x00000007ac100000,0x00000007b3f00000)
  from space 10752K, 99% used [0x00000007b3f00000,0x00000007b4979c80,0x00000007b4980000)
  to   space 10752K, 0% used [0x00000007bc780000,0x00000007bc780000,0x00000007bd200000)
 ParOldGen       total 171520K, used 94666K [0x0000000704400000, 0x000000070eb80000, 0x00000007ac100000)
  object space 171520K, 55% used [0x0000000704400000,0x000000070a072ba8,0x000000070eb80000)
 PSPermGen       total 21504K, used 4731K [0x00000006ff200000, 0x0000000700700000, 0x0000000704400000)
  object space 21504K, 22% used [0x00000006ff200000,0x00000006ff69edb0,0x0000000700700000)
}
Event: 3.469 GC heap before
{Heap before GC invocations=4 (full 0):
 PSYoungGen      total 139776K, used 139751K [0x00000007ac100000, 0x00000007bd200000, 0x0000000800000000)
  eden space 129024K, 100% used [0x00000007ac100000,0x00000007b3f00000,0x00000007b3f00000)
  from space 10752K, 99% used [0x00000007b3f00000,0x00000007b4979c80,0x00000007b4980000)
  to   space 10752K, 0% used [0x00000007bc780000,0x00000007bc780000,0x00000007bd200000)
 ParOldGen       total 171520K, used 94666K [0x0000000704400000, 0x000000070eb80000, 0x00000007ac100000)
  object space 171520K, 55% used [0x0000000704400000,0x000000070a072ba8,0x000000070eb80000)
 PSPermGen       total 21504K, used 4777K [0x00000006ff200000, 0x0000000700700000, 0x0000000704400000)
  object space 21504K, 22% used [0x00000006ff200000,0x00000006ff6aa7c0,0x0000000700700000)
Event: 3.541 GC heap after
Heap after GC invocations=4 (full 0):
 PSYoungGen      total 268800K, used 10743K [0x00000007ac100000, 0x00000007bd200000, 0x0000000800000000)
  eden space 258048K, 0% used [0x00000007ac100000,0x00000007ac100000,0x00000007bbd00000)
  from space 10752K, 99% used [0x00000007bc780000,0x00000007bd1fde68,0x00000007bd200000)
  to   space 10752K, 0% used [0x00000007bbd00000,0x00000007bbd00000,0x00000007bc780000)
 ParOldGen       total 171520K, used 157633K [0x0000000704400000, 0x000000070eb80000, 0x00000007ac100000)
  object space 171520K, 91% used [0x0000000704400000,0x000000070ddf0420,0x000000070eb80000)
 PSPermGen       total 21504K, used 4777K [0x00000006ff200000, 0x0000000700700000, 0x0000000704400000)
  object space 21504K, 22% used [0x00000006ff200000,0x00000006ff6aa7c0,0x0000000700700000)
}
Event: 3.541 GC heap before
{Heap before GC invocations=5 (full 1):
 PSYoungGen      total 268800K, used 10743K [0x00000007ac100000, 0x00000007bd200000, 0x0000000800000000)
  eden space 258048K, 0% used [0x00000007ac100000,0x00000007ac100000,0x00000007bbd00000)
  from space 10752K, 99% used [0x00000007bc780000,0x00000007bd1fde68,0x00000007bd200000)
  to   space 10752K, 0% used [0x00000007bbd00000,0x00000007bbd00000,0x00000007bc780000)
 ParOldGen       total 171520K, used 157633K [0x0000000704400000, 0x000000070eb80000, 0x00000007ac100000)
  object space 171520K, 91% used [0x0000000704400000,0x000000070ddf0420,0x000000070eb80000)
 PSPermGen       total 21504K, used 4777K [0x00000006ff200000, 0x0000000700700000, 0x0000000704400000)
  object space 21504K, 22% used [0x00000006ff200000,0x00000006ff6aa7c0,0x0000000700700000)
Event: 4.381 GC heap after
Heap after GC invocations=5 (full 1):
 PSYoungGen      total 268800K, used 0K [0x00000007ac100000, 0x00000007bd200000, 0x0000000800000000)
  eden space 258048K, 0% used [0x00000007ac100000,0x00000007ac100000,0x00000007bbd00000)
  from space 10752K, 0% used [0x00000007bc780000,0x00000007bc780000,0x00000007bd200000)
  to   space 10752K, 0% used [0x00000007bbd00000,0x00000007bbd00000,0x00000007bc780000)
 ParOldGen       total 283136K, used 105288K [0x0000000704400000, 0x0000000715880000, 0x00000007ac100000)
  object space 283136K, 37% used [0x0000000704400000,0x000000070aad20a0,0x0000000715880000)
 PSPermGen       total 21504K, used 4776K [0x00000006ff200000, 0x0000000700700000, 0x0000000704400000)
  object space 21504K, 22% used [0x00000006ff200000,0x00000006ff6aa210,0x0000000700700000)
}

Deoptimization events (5 events):
Event: 3.377 Thread 0x000000000248a000 Uncommon trap: reason=array_check action=maybe_recompile pc=0x00000000029066a8 method=java.util.Arrays.fill([Ljava/lang/Object;IILjava/lang/Object;)V @ 20
Event: 3.378 Thread 0x000000000248a000 Uncommon trap: reason=array_check action=maybe_recompile pc=0x00000000029066a8 method=java.util.Arrays.fill([Ljava/lang/Object;IILjava/lang/Object;)V @ 20
Event: 3.378 Thread 0x000000000248a000 Uncommon trap: reason=array_check action=maybe_recompile pc=0x00000000029066a8 method=java.util.Arrays.fill([Ljava/lang/Object;IILjava/lang/Object;)V @ 20
Event: 3.378 Thread 0x000000000248a000 Uncommon trap: reason=array_check action=maybe_recompile pc=0x00000000029066a8 method=java.util.Arrays.fill([Ljava/lang/Object;IILjava/lang/Object;)V @ 20
Event: 3.398 Thread 0x000000000248a000 Uncommon trap: reason=unreached action=reinterpret pc=0x000000000292af9c method=java.io.ObjectInputStream$HandleTable.markDependency(II)V @ 102

Internal exceptions (10 events):
Event: 0.809 Thread 0x000000000248a000 Threw 0x00000007ac96f4b8 at C:\re\jdk7u67\1368\hotspot\src\share\vm\prims\jvm.cpp:1244
Event: 0.810 Thread 0x000000000248a000 Threw 0x00000007ac972578 at C:\re\jdk7u67\1368\hotspot\src\share\vm\prims\jvm.cpp:1244
Event: 0.815 Thread 0x000000000248a000 Threw 0x00000007ac97ce50 at C:\re\jdk7u67\1368\hotspot\src\share\vm\prims\jni.cpp:1632
Event: 0.841 Thread 0x000000000248a000 Threw 0x00000007ac9ab3d0 at C:\re\jdk7u67\1368\hotspot\src\share\vm\prims\jni.cpp:1632
Event: 3.254 Thread 0x000000000248a000 Threw 0x00000007b1371af8 at C:\re\jdk7u67\1368\hotspot\src\share\vm\prims\jvm.cpp:1244
Event: 3.393 Thread 0x000000000248a000 Threw 0x00000007b1378dc8 at C:\re\jdk7u67\1368\hotspot\src\share\vm\prims\jvm.cpp:1244
Event: 3.393 Thread 0x000000000248a000 Threw 0x00000007b137c188 at C:\re\jdk7u67\1368\hotspot\src\share\vm\prims\jvm.cpp:1244
Event: 3.394 Thread 0x000000000248a000 Threw 0x00000007b13839e0 at C:\re\jdk7u67\1368\hotspot\src\share\vm\prims\jni.cpp:717
Event: 3.395 Thread 0x000000000248a000 Threw 0x00000007b1391ec8 at C:\re\jdk7u67\1368\hotspot\src\share\vm\prims\jvm.cpp:1244
Event: 3.396 Thread 0x000000000248a000 Threw 0x00000007b139c1d8 at C:\re\jdk7u67\1368\hotspot\src\share\vm\prims\jvm.cpp:1244

Events (10 events):
Event: 3.395 loading class 0x0000000011a0c5c0 done
Event: 3.396 loading class 0x0000000011a0c6b0
Event: 3.396 loading class 0x0000000011a0c6b0 done
Event: 3.398 Thread 0x000000000248a000 Uncommon trap: trap_request=0xffffffad fr.pc=0x000000000292af9c
Event: 3.398 Thread 0x000000000248a000 DEOPT PACKING pc=0x000000000292af9c sp=0x000000000288d4c0
Event: 3.398 Thread 0x000000000248a000 DEOPT UNPACKING pc=0x00000000028c75a4 sp=0x000000000288d418 mode 2
Event: 3.469 Executing VM operation: ParallelGCFailedAllocation
Event: 4.381 Executing VM operation: ParallelGCFailedAllocation done
Event: 4.428 Executing VM operation: EnableBiasedLocking
Event: 4.428 Executing VM operation: EnableBiasedLocking done


Dynamic libraries:
0x000000013fa30000 - 0x000000013fa63000 	E:\jdk1.7.0_67\bin\java.exe
0x0000000077c60000 - 0x0000000077e08000 	C:\Windows\SYSTEM32\ntdll.dll
0x0000000077b40000 - 0x0000000077c5f000 	C:\Windows\system32\kernel32.dll
0x000007fefdec0000 - 0x000007fefdf2c000 	C:\Windows\system32\KERNELBASE.dll
0x000007fefe090000 - 0x000007fefe16b000 	C:\Windows\system32\ADVAPI32.dll
0x000007feff4d0000 - 0x000007feff56f000 	C:\Windows\system32\msvcrt.dll
0x000007feff5f0000 - 0x000007feff60f000 	C:\Windows\SYSTEM32\sechost.dll
0x000007fefe1e0000 - 0x000007fefe30d000 	C:\Windows\system32\RPCRT4.dll
0x0000000077a40000 - 0x0000000077b3a000 	C:\Windows\system32\USER32.dll
0x000007fefe170000 - 0x000007fefe1d7000 	C:\Windows\system32\GDI32.dll
0x000007fefe6b0000 - 0x000007fefe6be000 	C:\Windows\system32\LPK.dll
0x000007feff920000 - 0x000007feff9e9000 	C:\Windows\system32\USP10.dll
0x000007fefc5d0000 - 0x000007fefc7c4000 	C:\Windows\WinSxS\amd64_microsoft.windows.common-controls_6595b64144ccf1df_6.0.7601.17514_none_fa396087175ac9ac\COMCTL32.dll
0x000007fefdf70000 - 0x000007fefdfe1000 	C:\Windows\system32\SHLWAPI.dll
0x000007feff5c0000 - 0x000007feff5ee000 	C:\Windows\system32\IMM32.DLL
0x000007feffe60000 - 0x000007fefff69000 	C:\Windows\system32\MSCTF.dll
0x000007fefdb20000 - 0x000007fefdb51000 	C:\Windows\system32\nvinitx.dll
0x000000000f000000 - 0x000000000f006000 	C:\Program Files\NVIDIA Corporation\CoProcManager\detoured.dll
0x000007fef9db0000 - 0x000007fef9de2000 	C:\Program Files\NVIDIA Corporation\CoProcManager\nvd3d9wrapx.dll
0x000007feffa50000 - 0x000007feffc27000 	C:\Windows\system32\SETUPAPI.dll
0x000007fefdc10000 - 0x000007fefdc46000 	C:\Windows\system32\CFGMGR32.dll
0x000007feff630000 - 0x000007feff707000 	C:\Windows\system32\OLEAUT32.dll
0x000007feff710000 - 0x000007feff913000 	C:\Windows\system32\ole32.dll
0x000007fefdc90000 - 0x000007fefdcaa000 	C:\Windows\system32\DEVOBJ.dll
0x000007fef9d80000 - 0x000007fef9da2000 	C:\Program Files\NVIDIA Corporation\CoProcManager\nvdxgiwrapx.dll
0x0000000068150000 - 0x0000000068222000 	E:\jdk1.7.0_67\jre\bin\msvcr100.dll
0x000000006e690000 - 0x000000006ee62000 	E:\jdk1.7.0_67\jre\bin\server\jvm.dll
0x000007fef8430000 - 0x000007fef8439000 	C:\Windows\system32\WSOCK32.dll
0x000007feff570000 - 0x000007feff5bd000 	C:\Windows\system32\WS2_32.dll
0x000007fefe6a0000 - 0x000007fefe6a8000 	C:\Windows\system32\NSI.dll
0x000007fefbc60000 - 0x000007fefbc9b000 	C:\Windows\system32\WINMM.dll
0x0000000077e30000 - 0x0000000077e37000 	C:\Windows\system32\PSAPI.DLL
0x0000000068140000 - 0x000000006814f000 	E:\jdk1.7.0_67\jre\bin\verify.dll
0x0000000068110000 - 0x0000000068138000 	E:\jdk1.7.0_67\jre\bin\java.dll
0x00000000680f0000 - 0x0000000068105000 	E:\jdk1.7.0_67\jre\bin\zip.dll
0x000007fefb830000 - 0x000007fefb840000 	E:\IntelliJ-IDEA-2016.1.3\bin\breakgen64.dll
0x00000000680d0000 - 0x00000000680e9000 	E:\jdk1.7.0_67\jre\bin\net.dll
0x000007fefd390000 - 0x000007fefd3e5000 	C:\Windows\system32\mswsock.dll
0x000007fefd380000 - 0x000007fefd387000 	C:\Windows\System32\wship6.dll
0x00000000680b0000 - 0x00000000680c1000 	E:\jdk1.7.0_67\jre\bin\nio.dll
0x000007fef7950000 - 0x000007fef7a75000 	C:\Windows\system32\dbghelp.dll

VM Arguments:
jvm_args: -Didea.launcher.port=7533 -Didea.launcher.bin.path=E:\IntelliJ-IDEA-2016.1.3\bin -Dfile.encoding=UTF-8 
java_command: com.intellij.rt.execution.application.AppMain org.fnlp.app.lucene.test.Search
Launcher Type: SUN_STANDARD

Environment Variables:
JAVA_HOME=E:\jdk1.7.0_67
CLASSPATH=.;E:\jdk1.7.0_67\lib;E:\jdk1.7.0_67\lib\dt.jar;E:\jdk1.7.0_67\lib\tools.jar
PATH=C:\Windows\system32;C:\Windows;C:\Windows\System32\Wbem;C:\Windows\System32\WindowsPowerShell\v1.0\;C:\Program Files\Intel\WiFi\bin\;C:\Program Files\Common Files\Intel\WirelessCommon\;E:\jdk1.7.0_67\bin;E:\jdk1.7.0_67\jre\bin;E:\apache-maven-3.3.9\bin;E:\php-5.6.15;E:\php-5.6.15\ext;E:\apache-ant-1.8.2\bin;E:\MySQL5.5\bin;E:\MongoDB\bin;E:\apache-activemq-5.6.0\bin;E:\hadoop-2.5.0\bin;E:\scala-2.10.4\bin;C:\Program Files\Intel\WiFi\bin\;C:\Program Files\Common Files\Intel\WirelessCommon\
USERNAME=Administrator
OS=Windows_NT
PROCESSOR_IDENTIFIER=Intel64 Family 6 Model 58 Stepping 9, GenuineIntel



---------------  S Y S T E M  ---------------

OS: Windows 7 , 64 bit Build 7601 Service Pack 1

CPU:total 4 (2 cores per cpu, 2 threads per core) family 6 model 58 stepping 9, cmov, cx8, fxsr, mmx, sse, sse2, sse3, ssse3, sse4.1, sse4.2, popcnt, avx, aes, erms, ht, tsc, tscinvbit, tscinv

Memory: 4k page, physical 16492780k(8599872k free), swap 32983708k(23316452k free)

vm_info: Java HotSpot(TM) 64-Bit Server VM (24.65-b04) for windows-amd64 JRE (1.7.0_67-b01), built on Jul 25 2014 08:55:00 by "java_re" with unknown MS VC++:1600

time: Tue Sep 20 17:12:10 2016
elapsed time: 6 seconds

